SF:lib/api/widgetbook_api.dart
DA:12,1
DA:14,1
DA:20,1
DA:23,2
DA:24,1
DA:30,1
DA:33,2
DA:34,1
DA:35,1
DA:38,0
DA:44,1
DA:47,1
DA:48,1
LF:13
LH:12
end_of_record
SF:lib/core/utilities/failure.dart
DA:7,2
DA:14,1
DA:15,2
DA:17,0
DA:21,0
DA:24,0
DA:25,0
LF:7
LH:3
end_of_record
SF:lib/repositories/widget_book_repository_implementation.dart
DA:10,2
DA:19,2
DA:21,6
DA:25,2
LF:4
LH:4
end_of_record
SF:lib/app.dart
DA:12,1
DA:14,0
DA:16,1
DA:18,1
DA:20,3
DA:21,1
DA:22,1
DA:23,1
DA:24,1
LF:9
LH:8
end_of_record
SF:lib/core/utilities/app_theme.dart
DA:7,0
DA:10,4
DA:12,2
DA:18,3
LF:4
LH:3
end_of_record
SF:lib/features/home_page/views/home_page.dart
DA:17,2
DA:19,1
DA:20,1
DA:27,1
DA:30,1
DA:31,1
DA:32,2
DA:34,1
DA:35,1
DA:36,1
DA:38,1
DA:39,1
DA:40,1
DA:41,2
DA:42,1
DA:44,1
DA:45,1
DA:46,1
DA:47,1
DA:48,1
DA:52,1
DA:53,2
DA:54,1
DA:55,1
DA:56,3
DA:58,3
DA:59,3
DA:73,1
DA:75,2
DA:76,1
LF:30
LH:30
end_of_record
SF:lib/services/snackbar_service.dart
DA:11,0
DA:14,0
DA:15,0
DA:17,0
DA:26,1
DA:29,3
DA:30,1
DA:32,1
DA:43,3
DA:44,2
LF:10
LH:6
end_of_record
SF:lib/core/constants/app_strings.dart
DA:5,0
LF:1
LH:0
end_of_record
SF:lib/core/constants/colors.dart
DA:7,0
LF:1
LH:0
end_of_record
SF:lib/core/utilities/locales.dart
DA:9,3
LF:1
LH:1
end_of_record
SF:lib/core/utilities/screen_util.dart
DA:6,0
DA:7,0
DA:11,1
DA:12,3
LF:4
LH:2
end_of_record
SF:lib/core/utilities/validation_extension.dart
DA:8,1
DA:10,0
DA:13,1
DA:14,0
DA:17,2
DA:19,0
LF:6
LH:3
end_of_record
SF:lib/core/utilities/view_state.dart
DA:3,2
DA:6,2
DA:7,0
DA:8,0
LF:4
LH:2
end_of_record
SF:lib/features/home_page/notifiers/home_page_notifier.dart
DA:14,3
DA:19,1
DA:22,3
DA:23,2
DA:26,5
DA:28,0
DA:29,1
DA:30,1
DA:31,5
DA:33,3
DA:39,3
DA:40,3
LF:12
LH:11
end_of_record
SF:lib/features/home_page/states/home_page_state.dart
DA:7,3
DA:11,1
DA:14,2
DA:15,0
LF:4
LH:3
end_of_record
SF:lib/repositories/widget_book_repository.dart
DA:11,0
DA:21,2
DA:22,4
LF:3
LH:2
end_of_record
SF:lib/features/home_page/views/widgets/custom_elevated_button.dart
DA:8,1
DA:13,1
DA:19,1
DA:21,1
DA:22,2
DA:23,1
DA:24,1
DA:25,4
DA:27,2
DA:28,1
DA:35,1
DA:40,1
DA:41,2
LF:13
LH:13
end_of_record
SF:lib/features/home_page/views/widgets/custom_text_field.dart
DA:7,1
DA:13,1
DA:20,1
DA:22,1
DA:23,1
DA:24,1
DA:27,1
DA:28,1
DA:29,1
DA:31,1
DA:32,1
DA:37,1
DA:38,1
DA:43,1
DA:44,1
LF:15
LH:15
end_of_record
SF:lib/shared_widgets/app_spacing.dart
DA:7,0
DA:10,0
DA:11,0
DA:12,0
DA:13,0
DA:15,0
DA:17,0
DA:18,0
DA:19,2
DA:20,0
DA:21,0
DA:23,0
DA:25,2
DA:29,1
DA:31,3
LF:15
LH:4
end_of_record
